<?xml version="1.0" encoding="UTF-8"?>
<testsuite name="com.my13each.dooray.mcp.tools.McpToolsUnitTest" tests="19" skipped="0" failures="0" errors="0" timestamp="2025-11-17T09:48:51.724Z" hostname="MN01609710.local" time="0.895">
  <properties/>
  <testcase name="업무 생성 도구 - 성공 케이스" classname="com.my13each.dooray.mcp.tools.McpToolsUnitTest" time="0.784"/>
  <testcase name="업무 댓글 목록 조회 도구 - project_id 누락 에러" classname="com.my13each.dooray.mcp.tools.McpToolsUnitTest" time="0.004"/>
  <testcase name="프로젝트 목록 조회 도구 - 성공 케이스" classname="com.my13each.dooray.mcp.tools.McpToolsUnitTest" time="0.028"/>
  <testcase name="업무 댓글 수정 도구 - 성공 케이스" classname="com.my13each.dooray.mcp.tools.McpToolsUnitTest" time="0.017"/>
  <testcase name="위키 페이지 목록 조회 도구 - project_id 누락 에러" classname="com.my13each.dooray.mcp.tools.McpToolsUnitTest" time="0.002"/>
  <testcase name="업무 댓글 목록 조회 도구 - API 에러 케이스" classname="com.my13each.dooray.mcp.tools.McpToolsUnitTest" time="0.018"/>
  <testcase name="위키 페이지 목록 조회 도구 - 성공 케이스" classname="com.my13each.dooray.mcp.tools.McpToolsUnitTest" time="0.004"/>
  <testcase name="프로젝트 업무 목록 조회 도구 - project_id 누락 에러" classname="com.my13each.dooray.mcp.tools.McpToolsUnitTest" time="0.002"/>
  <testcase name="위키 목록 조회 도구 - API 에러 케이스" classname="com.my13each.dooray.mcp.tools.McpToolsUnitTest" time="0.003"/>
  <testcase name="위키 페이지 생성 도구 - 성공 케이스" classname="com.my13each.dooray.mcp.tools.McpToolsUnitTest" time="0.004"/>
  <testcase name="업무 댓글 목록 조회 도구 - post_id 누락 에러" classname="com.my13each.dooray.mcp.tools.McpToolsUnitTest" time="0.002"/>
  <testcase name="업무 댓글 생성 도구 - content 누락 에러" classname="com.my13each.dooray.mcp.tools.McpToolsUnitTest" time="0.002"/>
  <testcase name="위키 페이지 수정 도구 - 수정할 내용 없음 에러" classname="com.my13each.dooray.mcp.tools.McpToolsUnitTest" time="0.002"/>
  <testcase name="업무 생성 도구 - to_member_ids 누락 에러" classname="com.my13each.dooray.mcp.tools.McpToolsUnitTest" time="0.001"/>
  <testcase name="위키 목록 조회 도구 - 성공 케이스" classname="com.my13each.dooray.mcp.tools.McpToolsUnitTest" time="0.004"/>
  <testcase name="위키 페이지 생성 도구 - wiki_id 누락 에러" classname="com.my13each.dooray.mcp.tools.McpToolsUnitTest" time="0.002"/>
  <testcase name="업무 댓글 삭제 도구 - 성공 케이스" classname="com.my13each.dooray.mcp.tools.McpToolsUnitTest" time="0.003"/>
  <testcase name="업무 댓글 목록 조회 도구 - 성공 케이스" classname="com.my13each.dooray.mcp.tools.McpToolsUnitTest" time="0.005"/>
  <testcase name="업무 댓글 생성 도구 - 성공 케이스" classname="com.my13each.dooray.mcp.tools.McpToolsUnitTest" time="0.003"/>
  <system-out><![CDATA[]]></system-out>
  <system-err><![CDATA[WARNING: A Java agent has been loaded dynamically (/Users/jp17463/.gradle/caches/modules-2/files-2.1/net.bytebuddy/byte-buddy-agent/1.14.6/46e2545d7a97b6ccb195621650c5957279eb4812/byte-buddy-agent-1.14.6.jar)
WARNING: If a serviceability tool is in use, please run with -XX:+EnableDynamicAgentLoading to hide this warning
WARNING: If a serviceability tool is not in use, please run with -Djdk.instrument.traceUsage for more information
WARNING: Dynamic loading of agents will be disallowed by default in a future release
]]></system-err>
</testsuite>
